2024-03-01 11:52:49,801 [1] INFO  NHibernate.Cfg.Environment - NHibernate 5.5.0+6933bf0fabce38c3b8a96f73724e20e23d66ba82 (assembly 5.5.0.0)
2024-03-01 11:52:49,845 [1] INFO  NHibernate.Cfg.Environment - hibernate-configuration section not found in application configuration file
2024-03-01 11:52:49,847 [1] INFO  NHibernate.Cfg.Environment - Bytecode provider name : lcg
2024-03-01 11:52:49,849 [1] INFO  NHibernate.Cfg.Environment - Objects factory class : NHibernate.Bytecode.ActivatorObjectsFactory
2024-03-01 11:52:49,850 [1] INFO  NHibernate.Cfg.Environment - Using reflection optimizer
2024-03-01 11:52:50,054 [1] INFO  NHibernate.Cfg.XmlHbmBinding.Binder - Mapping class: GrpcService1.Models.Entity.Student -> Student
2024-03-01 11:52:50,108 [1] INFO  NHibernate.Cfg.XmlHbmBinding.Binder - Mapping class: GrpcService1.Models.Entity.Teacher -> Teacher
2024-03-01 11:52:50,119 [1] INFO  NHibernate.Cfg.XmlHbmBinding.Binder - Mapping class: GrpcService1.Models.Entity.Class -> RoomClass
2024-03-01 11:52:50,133 [1] INFO  NHibernate.Dialect.Dialect - Using dialect: NHibernate.Dialect.MsSql2012Dialect
2024-03-01 11:52:50,177 [1] INFO  NHibernate.Dialect.Dialect - Using dialect: NHibernate.Dialect.MsSql2012Dialect
2024-03-01 11:52:50,245 [1] INFO  NHibernate.Exceptions.SQLExceptionConverterFactory - Using dialect defined converter
2024-03-01 11:52:50,245 [1] INFO  NHibernate.Cfg.SettingsFactory - Generate SQL with comments: disabled
2024-03-01 11:52:50,245 [1] INFO  NHibernate.Cfg.SettingsFactory - Detect fetch loops: enabled
2024-03-01 11:52:50,247 [1] INFO  NHibernate.Connection.ConnectionProvider - Configuring ConnectionProvider
2024-03-01 11:52:50,258 [1] INFO  NHibernate.Dialect.Dialect - Using dialect: NHibernate.Dialect.MsSql2012Dialect
2024-03-01 11:52:50,259 [1] INFO  NHibernate.Cfg.SettingsFactory - Transaction factory: NHibernate.Transaction.AdoNetWithSystemTransactionFactory
2024-03-01 11:52:50,260 [1] INFO  NHibernate.Cfg.SettingsFactory - Optimize cache for minimal puts: False
2024-03-01 11:52:50,260 [1] INFO  NHibernate.Cfg.SettingsFactory - Connection release mode: auto
2024-03-01 11:52:50,260 [1] INFO  NHibernate.Cfg.SettingsFactory - Default batch fetch size: 1
2024-03-01 11:52:50,260 [1] INFO  NHibernate.Cfg.SettingsFactory - echoing all SQL to stdout
2024-03-01 11:52:50,260 [1] INFO  NHibernate.Cfg.SettingsFactory - Statistics: disabled
2024-03-01 11:52:50,261 [1] INFO  NHibernate.Cfg.SettingsFactory - Deleted entity synthetic identifier rollback: disabled
2024-03-01 11:52:50,261 [1] INFO  NHibernate.Cfg.SettingsFactory - Query translator: NHibernate.Hql.Ast.ANTLR.ASTQueryTranslatorFactory
2024-03-01 11:52:50,262 [1] INFO  NHibernate.Cfg.SettingsFactory - Query provider: NHibernate.Linq.DefaultQueryProvider
2024-03-01 11:52:50,265 [1] INFO  NHibernate.Cfg.SettingsFactory - Query language substitutions: {'true'='1', 'false'='0', 'yes'=''Y'', 'no'=''N''}
2024-03-01 11:52:50,266 [1] INFO  NHibernate.Cfg.SettingsFactory - cache provider: NHibernate.Cache.NoCacheProvider, NHibernate, Version=5.5.0.0, Culture=neutral, PublicKeyToken=aa95f207798dfdb4
2024-03-01 11:52:50,267 [1] INFO  NHibernate.Cfg.SettingsFactory - Order SQL inserts for batching: enabled
2024-03-01 11:52:50,267 [1] INFO  NHibernate.Cfg.SettingsFactory - Order SQL updates for batching: disabled
2024-03-01 11:52:50,268 [1] INFO  NHibernate.Cfg.SettingsFactory - Batcher factory: NHibernate.AdoNet.GenericBatchingBatcherFactory, NHibernate, Version=5.5.0.0, Culture=neutral, PublicKeyToken=aa95f207798dfdb4
2024-03-01 11:52:50,268 [1] INFO  NHibernate.Cfg.SettingsFactory - Default flush mode: Auto
2024-03-01 11:52:50,268 [1] INFO  NHibernate.Cfg.SettingsFactory - Named query checking : enabled
2024-03-01 11:52:50,268 [1] INFO  NHibernate.Cfg.SettingsFactory - Never cached entities/collections query cache throws exception : enabled
2024-03-01 11:52:50,274 [1] INFO  NHibernate.Cfg.Configuration - checking mappings queue
2024-03-01 11:52:50,274 [1] INFO  NHibernate.Cfg.Configuration - processing one-to-many association mappings
2024-03-01 11:52:50,277 [1] INFO  NHibernate.Cfg.XmlHbmBinding.Binder - mapping collection: GrpcService1.Models.Entity.Teacher.RoomClasses -> RoomClass
2024-03-01 11:52:50,282 [1] INFO  NHibernate.Cfg.XmlHbmBinding.Binder - mapping collection: GrpcService1.Models.Entity.Class.Students -> Student
2024-03-01 11:52:50,282 [1] INFO  NHibernate.Cfg.Configuration - processing one-to-one association property references
2024-03-01 11:52:50,282 [1] INFO  NHibernate.Cfg.Configuration - processing foreign key constraints
2024-03-01 11:52:50,289 [1] INFO  NHibernate.Cfg.Configuration - processing filters (second pass)
2024-03-01 11:52:50,327 [1] INFO  NHibernate.Impl.SessionFactoryImpl - building session factory
2024-03-01 11:52:50,672 [1] INFO  NHibernate.Impl.SessionFactoryObjectFactory - no name configured
2024-03-01 11:53:12,842 [16] INFO  NHibernate.Hql.Ast.ANTLR.Tree.FromElement - handling property dereference [GrpcService1.Models.Entity.Class (s) -> Teacher (Class)]
2024-03-01 11:53:13,399 [15] INFO  NHibernate.Hql.Ast.ANTLR.Tree.FromElement - handling property dereference [GrpcService1.Models.Entity.Student (s) -> Class (Class)]
2024-03-01 11:53:25,877 [20] INFO  NHibernate.Hql.Ast.ANTLR.HqlSqlWalker - attempting to resolve property [integer] as a non-qualified ref
